Using pre-set license
Built from '2020.2/release' branch; Version is '2020.2.1f1 (270dd8c3da1c) revision 2559448'; Using compiler version '192528614'; Build Type 'Release'
OS: 'Windows 10  (10.0.0) 64bit' Language: 'en' Physical Memory: 24539 MB
BatchMode: 1, IsHumanControllingUs: 0, StartBugReporterOnCrash: 0, Is64bit: 1, IsPro: 0

 COMMAND LINE ARGUMENTS:
N:\programms\ForProgramming\2020.1.0f1\2020.2.1f1\Editor\Unity.exe
-adb2
-batchMode
-noUpm
-name
AssetImportWorker0
-projectPath
N:/Eliott_Alderson/study/GeekBrains/Unity/GeekBrain-Unity-HomeWork-1/HomeWork #1
-logFile
Logs/AssetImportWorker0.log
-srvPort
2138
Successfully changed project path to: N:/Eliott_Alderson/study/GeekBrains/Unity/GeekBrain-Unity-HomeWork-1/HomeWork #1
N:/Eliott_Alderson/study/GeekBrains/Unity/GeekBrain-Unity-HomeWork-1/HomeWork #1
Using Asset Import Pipeline V2.
Refreshing native plugins compatible for Editor in 43.97 ms, found 0 plugins.
Preloading 0 native plugins for Editor in 0.00 ms.
Initialize engine version: 2020.2.1f1 (270dd8c3da1c)
[Subsystems] Discovering subsystems at path N:/programms/ForProgramming/2020.1.0f1/2020.2.1f1/Editor/Data/Resources/UnitySubsystems
[Subsystems] Discovering subsystems at path N:/Eliott_Alderson/study/GeekBrains/Unity/GeekBrain-Unity-HomeWork-1/HomeWork #1/Assets
GfxDevice: creating device client; threaded=0
Direct3D:
    Version:  Direct3D 11.0 [level 11.1]
    Renderer: NVIDIA GeForce GTX 1050 Ti (ID=0x1c82)
    Vendor:   
    VRAM:     4018 MB
    Driver:   23.21.13.9077
Initialize mono
Mono path[0] = 'N:/programms/ForProgramming/2020.1.0f1/2020.2.1f1/Editor/Data/Managed'
Mono path[1] = 'N:/programms/ForProgramming/2020.1.0f1/2020.2.1f1/Editor/Data/MonoBleedingEdge/lib/mono/unityjit'
Mono config path = 'N:/programms/ForProgramming/2020.1.0f1/2020.2.1f1/Editor/Data/MonoBleedingEdge/etc'
Using monoOptions --debugger-agent=transport=dt_socket,embedding=1,server=y,suspend=n,address=127.0.0.1:56576
Begin MonoManager ReloadAssembly
Registering precompiled unity dll's ...
Register platform support module: N:/programms/ForProgramming/2020.1.0f1/2020.2.1f1/Editor/Data/PlaybackEngines/WebGLSupport/UnityEditor.WebGL.Extensions.dll
Register platform support module: N:/programms/ForProgramming/2020.1.0f1/2020.2.1f1/Editor/Data/PlaybackEngines/WindowsStandaloneSupport/UnityEditor.WindowsStandalone.Extensions.dll
Registered in 0.001270 seconds.
Native extension for WindowsStandalone target not found
Native extension for WebGL target not found
Refreshing native plugins compatible for Editor in 41.71 ms, found 0 plugins.
Preloading 0 native plugins for Editor in 0.00 ms.
Invoked RoslynAnalysisRunner static constructor.
RoslynAnalysisRunner will not be running.
RoslynAnalysisRunner has terminated.
Mono: successfully reloaded assembly
- Completed reload, in  1.489 seconds
Platform modules already initialized, skipping
Registering precompiled user dll's ...
Registered in 0.003122 seconds.
Begin MonoManager ReloadAssembly
Native extension for WindowsStandalone target not found
Native extension for WebGL target not found
Refreshing native plugins compatible for Editor in 0.48 ms, found 0 plugins.
Preloading 0 native plugins for Editor in 0.00 ms.
Invoked RoslynAnalysisRunner static constructor.
RoslynAnalysisRunner will not be running.
RoslynAnalysisRunner has terminated.
Mono: successfully reloaded assembly
- Completed reload, in  0.876 seconds
Platform modules already initialized, skipping
========================================================================
Worker process is ready to serve import requests
Launched and connected shader compiler UnityShaderCompiler.exe after 0.04 seconds
Refreshing native plugins compatible for Editor in 0.49 ms, found 0 plugins.
Preloading 0 native plugins for Editor in 0.00 ms.
Unloading 1799 Unused Serialized files (Serialized files now loaded: 0)
System memory in use before: 156.1 MB.
System memory in use after: 156.1 MB.

Unloading 38 unused Assets to reduce memory usage. Loaded Objects now: 2230.
Total: 1.788800 ms (FindLiveObjects: 0.208900 ms CreateObjectMapping: 0.083700 ms MarkObjects: 1.433000 ms  DeleteObjects: 0.062200 ms)

========================================================================
Received Import Request.
  path: Assets/Prefabs
  artifactKey: Guid(74499176c35c72b4c910a107eec0f066) Importer(815301076,1909f56bfc062723c751e8b465ee728b)
Start importing Assets/Prefabs using Guid(74499176c35c72b4c910a107eec0f066) Importer(815301076,1909f56bfc062723c751e8b465ee728b)  -> (artifact id: 'c5372fd3d475ced63cb2207e440115eb') in 0.008118 seconds
  Import took 0.010929 seconds .

========================================================================
Received Import Request.
  Time since last request: 0.000171 seconds.
  path: Assets/Prefabs/Environment
  artifactKey: Guid(0de8ecb26cbe0cc42824052a40e35836) Importer(815301076,1909f56bfc062723c751e8b465ee728b)
Start importing Assets/Prefabs/Environment using Guid(0de8ecb26cbe0cc42824052a40e35836) Importer(815301076,1909f56bfc062723c751e8b465ee728b)  -> (artifact id: '864660558ec38f0c42bd9c6c25f4f2d9') in 0.006608 seconds
  Import took 0.027461 seconds .

========================================================================
Received Import Request.
  Time since last request: 17.315169 seconds.
  path: Assets/Prefabs/VFX
  artifactKey: Guid(bb0f3f794405f084d9976428bae80977) Importer(815301076,1909f56bfc062723c751e8b465ee728b)
Start importing Assets/Prefabs/VFX using Guid(bb0f3f794405f084d9976428bae80977) Importer(815301076,1909f56bfc062723c751e8b465ee728b)  -> (artifact id: 'cd31edc25e8658be154d3c61a9e64e70') in 0.028388 seconds
  Import took 0.032623 seconds .

========================================================================
Received Import Request.
  Time since last request: 11.025863 seconds.
  path: Assets/Prefabs/Environment/Corridors
  artifactKey: Guid(e1d80c9aa6f5bd1479a3ca7af6c5c5a8) Importer(815301076,1909f56bfc062723c751e8b465ee728b)
Start importing Assets/Prefabs/Environment/Corridors using Guid(e1d80c9aa6f5bd1479a3ca7af6c5c5a8) Importer(815301076,1909f56bfc062723c751e8b465ee728b)  -> (artifact id: '104d6e0832ee29d142b2bea78cc10070') in 0.006995 seconds
  Import took 0.010747 seconds .

========================================================================
Received Import Request.
  Time since last request: 0.012506 seconds.
  path: Assets/Prefabs/Environment/Corridors
  artifactKey: Guid(e1d80c9aa6f5bd1479a3ca7af6c5c5a8) Importer(815301076,1909f56bfc062723c751e8b465ee728b)
Start importing Assets/Prefabs/Environment/Corridors using Guid(e1d80c9aa6f5bd1479a3ca7af6c5c5a8) Importer(815301076,1909f56bfc062723c751e8b465ee728b)  -> (artifact id: '104d6e0832ee29d142b2bea78cc10070') in 0.002025 seconds
  Import took 0.006460 seconds .

========================================================================
Received Import Request.
  Time since last request: 8.364359 seconds.
  path: Assets/Prefabs/Environment/Dinigroom/Table.prefab
  artifactKey: Guid(390c961e3e2b03342b3aabdfa362e13a) Importer(815301076,1909f56bfc062723c751e8b465ee728b)
Start importing Assets/Prefabs/Environment/Dinigroom/Table.prefab using Guid(390c961e3e2b03342b3aabdfa362e13a) Importer(815301076,1909f56bfc062723c751e8b465ee728b)  -> (artifact id: '18e9298ace1525057325bcf6e6b4744c') in 0.159580 seconds
  Import took 0.162638 seconds .

========================================================================
Received Import Request.
  Time since last request: 1.351812 seconds.
  path: Assets/Prefabs/Environment/Dinigroom/Rug_Diningroom.prefab
  artifactKey: Guid(fba3762311c1bb54eb2cea0b832496ff) Importer(815301076,1909f56bfc062723c751e8b465ee728b)
Start importing Assets/Prefabs/Environment/Dinigroom/Rug_Diningroom.prefab using Guid(fba3762311c1bb54eb2cea0b832496ff) Importer(815301076,1909f56bfc062723c751e8b465ee728b)  -> (artifact id: '62b5ed9494a572fa14e1fa66a5724122') in 0.046468 seconds
  Import took 0.049709 seconds .

========================================================================
Received Import Request.
  Time since last request: 530.825671 seconds.
  path: Assets/Scenes
  artifactKey: Guid(a3cdd235ada298e42912841a669728af) Importer(815301076,1909f56bfc062723c751e8b465ee728b)
Start importing Assets/Scenes using Guid(a3cdd235ada298e42912841a669728af) Importer(815301076,1909f56bfc062723c751e8b465ee728b)  -> (artifact id: '717047dd74701c02debe3cdb4477cdca') in 0.007997 seconds
  Import took 0.011774 seconds .

========================================================================
Received Import Request.
  Time since last request: 0.014196 seconds.
  path: Assets/Scenes
  artifactKey: Guid(a3cdd235ada298e42912841a669728af) Importer(815301076,1909f56bfc062723c751e8b465ee728b)
Start importing Assets/Scenes using Guid(a3cdd235ada298e42912841a669728af) Importer(815301076,1909f56bfc062723c751e8b465ee728b)  -> (artifact id: '717047dd74701c02debe3cdb4477cdca') in 0.001992 seconds
  Import took 0.005977 seconds .

========================================================================
Received Import Request.
  Time since last request: 8.096059 seconds.
  path: Assets/Shaders
  artifactKey: Guid(31b0cba9f9dc6af4492f4606b6361a30) Importer(815301076,1909f56bfc062723c751e8b465ee728b)
Start importing Assets/Shaders using Guid(31b0cba9f9dc6af4492f4606b6361a30) Importer(815301076,1909f56bfc062723c751e8b465ee728b)  -> (artifact id: '30f4b8a43dddc3a320a47538e7cba21c') in 0.007994 seconds
  Import took 0.011410 seconds .

========================================================================
Received Import Request.
  Time since last request: 0.014920 seconds.
  path: Assets/Shaders
  artifactKey: Guid(31b0cba9f9dc6af4492f4606b6361a30) Importer(815301076,1909f56bfc062723c751e8b465ee728b)
Start importing Assets/Shaders using Guid(31b0cba9f9dc6af4492f4606b6361a30) Importer(815301076,1909f56bfc062723c751e8b465ee728b)  -> (artifact id: '30f4b8a43dddc3a320a47538e7cba21c') in 0.002298 seconds
  Import took 0.006157 seconds .

========================================================================
Received Import Request.
  Time since last request: 1.335064 seconds.
  path: Assets/Textures
  artifactKey: Guid(66e31a71199e4de4ebed2933440c5ef2) Importer(815301076,1909f56bfc062723c751e8b465ee728b)
Start importing Assets/Textures using Guid(66e31a71199e4de4ebed2933440c5ef2) Importer(815301076,1909f56bfc062723c751e8b465ee728b)  -> (artifact id: '8ef7acda7bc0c8f6459b6b5cf69fdb58') in 0.006909 seconds
  Import took 0.009818 seconds .

========================================================================
Received Import Request.
  Time since last request: 0.021319 seconds.
  path: Assets/Textures
  artifactKey: Guid(66e31a71199e4de4ebed2933440c5ef2) Importer(815301076,1909f56bfc062723c751e8b465ee728b)
Start importing Assets/Textures using Guid(66e31a71199e4de4ebed2933440c5ef2) Importer(815301076,1909f56bfc062723c751e8b465ee728b)  -> (artifact id: '8ef7acda7bc0c8f6459b6b5cf69fdb58') in 0.001989 seconds
  Import took 0.006154 seconds .

========================================================================
Received Import Request.
  Time since last request: 7.108115 seconds.
  path: Assets/TutorialInfo/Scripts
  artifactKey: Guid(ed7db4e88a38511468d6f439dbb5ab16) Importer(815301076,1909f56bfc062723c751e8b465ee728b)
Start importing Assets/TutorialInfo/Scripts using Guid(ed7db4e88a38511468d6f439dbb5ab16) Importer(815301076,1909f56bfc062723c751e8b465ee728b)  -> (artifact id: '1c59d80bf7ef9dc079263fcf36e4181b') in 0.024301 seconds
  Import took 0.028265 seconds .

========================================================================
Received Import Request.
  Time since last request: 5.785087 seconds.
  path: Assets/Gizmos
  artifactKey: Guid(7c41b428c28648a40a59f032a12c3dd4) Importer(815301076,1909f56bfc062723c751e8b465ee728b)
Start importing Assets/Gizmos using Guid(7c41b428c28648a40a59f032a12c3dd4) Importer(815301076,1909f56bfc062723c751e8b465ee728b)  -> (artifact id: '61e32d01b23175196cce604a49d836ae') in 0.007787 seconds
  Import took 0.010676 seconds .

========================================================================
Received Import Request.
  Time since last request: 0.015618 seconds.
  path: Assets/Gizmos
  artifactKey: Guid(7c41b428c28648a40a59f032a12c3dd4) Importer(815301076,1909f56bfc062723c751e8b465ee728b)
Start importing Assets/Gizmos using Guid(7c41b428c28648a40a59f032a12c3dd4) Importer(815301076,1909f56bfc062723c751e8b465ee728b)  -> (artifact id: '61e32d01b23175196cce604a49d836ae') in 0.002319 seconds
  Import took 0.005942 seconds .

========================================================================
Received Import Request.
  Time since last request: 1.057827 seconds.
  path: Assets/Gizmos/Cinemachine
  artifactKey: Guid(90629f3661fb72645b00d8b91e85a4a0) Importer(815301076,1909f56bfc062723c751e8b465ee728b)
Start importing Assets/Gizmos/Cinemachine using Guid(90629f3661fb72645b00d8b91e85a4a0) Importer(815301076,1909f56bfc062723c751e8b465ee728b)  -> (artifact id: '1a726f96f0fb7985c8daddd1098f91cd') in 0.007499 seconds
  Import took 0.010395 seconds .

========================================================================
Received Import Request.
  Time since last request: 0.018128 seconds.
  path: Assets/Gizmos/Cinemachine
  artifactKey: Guid(90629f3661fb72645b00d8b91e85a4a0) Importer(815301076,1909f56bfc062723c751e8b465ee728b)
Start importing Assets/Gizmos/Cinemachine using Guid(90629f3661fb72645b00d8b91e85a4a0) Importer(815301076,1909f56bfc062723c751e8b465ee728b)  -> (artifact id: '1a726f96f0fb7985c8daddd1098f91cd') in 0.001979 seconds
  Import took 0.005845 seconds .

========================================================================
Received Import Request.
  Time since last request: 4.593275 seconds.
  path: Assets/Materials
  artifactKey: Guid(b2e60d62e05d44a4d8b2374514a88278) Importer(815301076,1909f56bfc062723c751e8b465ee728b)
Start importing Assets/Materials using Guid(b2e60d62e05d44a4d8b2374514a88278) Importer(815301076,1909f56bfc062723c751e8b465ee728b)  -> (artifact id: 'bf786a31a7f5743b9b65916003ac1edf') in 0.007725 seconds
  Import took 0.032742 seconds .

========================================================================
Received Import Request.
  Time since last request: 13.906227 seconds.
  path: Assets/Textures/UI
  artifactKey: Guid(2c2eeda01a5caaf4f99da6565bd29f2b) Importer(815301076,1909f56bfc062723c751e8b465ee728b)
Start importing Assets/Textures/UI using Guid(2c2eeda01a5caaf4f99da6565bd29f2b) Importer(815301076,1909f56bfc062723c751e8b465ee728b)  -> (artifact id: '8616c983cc94e0720d39ab70b0a4cadd') in 0.007322 seconds
  Import took 0.055947 seconds .

========================================================================
Received Import Request.
  Time since last request: 2.085221 seconds.
  path: Assets/Textures/UI/Caught.png
  artifactKey: Guid(85d46c7add1129741a0d78fadba6998e) Importer(815301076,1909f56bfc062723c751e8b465ee728b)
Start importing Assets/Textures/UI/Caught.png using Guid(85d46c7add1129741a0d78fadba6998e) Importer(815301076,1909f56bfc062723c751e8b465ee728b)  -> (artifact id: 'd46cb5506398424848d4d58a1eff74ef') in 0.113433 seconds
  Import took 0.116987 seconds .

========================================================================
Received Import Request.
  Time since last request: 305.121427 seconds.
  path: Assets/Textures/UI/Won.png
  artifactKey: Guid(623a7345ca6d38f4280b86c32ffe7c15) Importer(815301076,1909f56bfc062723c751e8b465ee728b)
Start importing Assets/Textures/UI/Won.png using Guid(623a7345ca6d38f4280b86c32ffe7c15) Importer(815301076,1909f56bfc062723c751e8b465ee728b)  -> (artifact id: '8e4231a2fb02b754d579a788d60413a2') in 0.033247 seconds
  Import took 0.036685 seconds .

========================================================================
Received Import Request.
  Time since last request: 175.176327 seconds.
  path: Assets/Textures/UI/lose_new.png
  artifactKey: Guid(45dbfc29e60e67f479e6ee02502e5a72) Importer(815301076,1909f56bfc062723c751e8b465ee728b)
Start importing Assets/Textures/UI/lose_new.png using Guid(45dbfc29e60e67f479e6ee02502e5a72) Importer(815301076,1909f56bfc062723c751e8b465ee728b)  -> (artifact id: '52e6558b1ef079661139a7c49e9e78e6') in 0.041354 seconds
  Import took 0.045140 seconds .

========================================================================
Received Import Request.
  Time since last request: 12.465591 seconds.
  path: Assets/Textures/UI/won_new.png
  artifactKey: Guid(e434a21f8aedade4ca528376c4af7111) Importer(815301076,1909f56bfc062723c751e8b465ee728b)
Start importing Assets/Textures/UI/won_new.png using Guid(e434a21f8aedade4ca528376c4af7111) Importer(815301076,1909f56bfc062723c751e8b465ee728b)  -> (artifact id: 'bd71cf8ffdd3cf5970bbc17e3299c54d') in 0.042662 seconds
  Import took 0.045978 seconds .

========================================================================
Received Prepare
Registering precompiled user dll's ...
Registered in 0.003129 seconds.
Begin MonoManager ReloadAssembly
Native extension for WindowsStandalone target not found
Native extension for WebGL target not found
Refreshing native plugins compatible for Editor in 0.61 ms, found 0 plugins.
Preloading 0 native plugins for Editor in 0.00 ms.
Invoked RoslynAnalysisRunner static constructor.
RoslynAnalysisRunner will not be running.
RoslynAnalysisRunner has terminated.
Mono: successfully reloaded assembly
- Completed reload, in  0.929 seconds
Platform modules already initialized, skipping
Refreshing native plugins compatible for Editor in 0.64 ms, found 0 plugins.
Preloading 0 native plugins for Editor in 0.00 ms.
Unloading 1763 Unused Serialized files (Serialized files now loaded: 0)
System memory in use before: 157.0 MB.
System memory in use after: 157.1 MB.

Unloading 29 unused Assets to reduce memory usage. Loaded Objects now: 2242.
Total: 2.946600 ms (FindLiveObjects: 0.178400 ms CreateObjectMapping: 0.068100 ms MarkObjects: 2.656800 ms  DeleteObjects: 0.042100 ms)

========================================================================
Received Import Request.
  Time since last request: 282.921538 seconds.
  path: Assets/Scripts/PlayerMovement.cs
  artifactKey: Guid(56b2cfb9174a093419d0f8db96a60eda) Importer(815301076,1909f56bfc062723c751e8b465ee728b)
Start importing Assets/Scripts/PlayerMovement.cs using Guid(56b2cfb9174a093419d0f8db96a60eda) Importer(815301076,1909f56bfc062723c751e8b465ee728b)  -> (artifact id: '0d2c8c66ee188c60d189c958d6e7a513') in 0.024959 seconds
  Import took 0.028959 seconds .

========================================================================
Received Prepare
Registering precompiled user dll's ...
Registered in 0.003639 seconds.
Begin MonoManager ReloadAssembly
Native extension for WindowsStandalone target not found
Native extension for WebGL target not found
Refreshing native plugins compatible for Editor in 0.51 ms, found 0 plugins.
Preloading 0 native plugins for Editor in 0.00 ms.
Invoked RoslynAnalysisRunner static constructor.
RoslynAnalysisRunner will not be running.
RoslynAnalysisRunner has terminated.
Mono: successfully reloaded assembly
- Completed reload, in  0.898 seconds
Platform modules already initialized, skipping
Refreshing native plugins compatible for Editor in 0.55 ms, found 0 plugins.
Preloading 0 native plugins for Editor in 0.00 ms.
Unloading 1762 Unused Serialized files (Serialized files now loaded: 0)
System memory in use before: 158.0 MB.
System memory in use after: 158.1 MB.

Unloading 29 unused Assets to reduce memory usage. Loaded Objects now: 2244.
Total: 2.049900 ms (FindLiveObjects: 0.182300 ms CreateObjectMapping: 0.068900 ms MarkObjects: 1.752100 ms  DeleteObjects: 0.044800 ms)

========================================================================
Received Import Request.
  Time since last request: 50.421922 seconds.
  path: Assets/Scripts/PlayerMovement.cs
  artifactKey: Guid(56b2cfb9174a093419d0f8db96a60eda) Importer(815301076,1909f56bfc062723c751e8b465ee728b)
Start importing Assets/Scripts/PlayerMovement.cs using Guid(56b2cfb9174a093419d0f8db96a60eda) Importer(815301076,1909f56bfc062723c751e8b465ee728b)  -> (artifact id: '3a937e74eed55126155f3e995a4621d5') in 0.006170 seconds
  Import took 0.009090 seconds .

========================================================================
Received Import Request.
  Time since last request: 1.490941 seconds.
  path: Assets/Scripts/PlayerMovement.cs
  artifactKey: Guid(56b2cfb9174a093419d0f8db96a60eda) Importer(815301076,1909f56bfc062723c751e8b465ee728b)
Start importing Assets/Scripts/PlayerMovement.cs using Guid(56b2cfb9174a093419d0f8db96a60eda) Importer(815301076,1909f56bfc062723c751e8b465ee728b)  -> (artifact id: '3a937e74eed55126155f3e995a4621d5') in 0.002658 seconds
  Import took 0.005895 seconds .

========================================================================
Received Prepare
Registering precompiled user dll's ...
Registered in 0.003041 seconds.
Begin MonoManager ReloadAssembly
Native extension for WindowsStandalone target not found
Native extension for WebGL target not found
Refreshing native plugins compatible for Editor in 1.01 ms, found 0 plugins.
Preloading 0 native plugins for Editor in 0.00 ms.
Invoked RoslynAnalysisRunner static constructor.
RoslynAnalysisRunner will not be running.
RoslynAnalysisRunner has terminated.
Mono: successfully reloaded assembly
- Completed reload, in  1.100 seconds
Platform modules already initialized, skipping
Refreshing native plugins compatible for Editor in 0.70 ms, found 0 plugins.
Preloading 0 native plugins for Editor in 0.00 ms.
Unloading 1762 Unused Serialized files (Serialized files now loaded: 0)
System memory in use before: 158.0 MB.
System memory in use after: 158.1 MB.

Unloading 29 unused Assets to reduce memory usage. Loaded Objects now: 2246.
Total: 15.937800 ms (FindLiveObjects: 0.266900 ms CreateObjectMapping: 0.107900 ms MarkObjects: 15.520200 ms  DeleteObjects: 0.039300 ms)

========================================================================
Received Import Request.
  Time since last request: 12.116839 seconds.
  path: Assets/Scripts/PlayerMovement.cs
  artifactKey: Guid(56b2cfb9174a093419d0f8db96a60eda) Importer(815301076,1909f56bfc062723c751e8b465ee728b)
Start importing Assets/Scripts/PlayerMovement.cs using Guid(56b2cfb9174a093419d0f8db96a60eda) Importer(815301076,1909f56bfc062723c751e8b465ee728b)  -> (artifact id: 'd5775d220a34d8648b85b761bea11295') in 0.012261 seconds
  Import took 0.017011 seconds .

========================================================================
Received Import Request.
  Time since last request: 0.006016 seconds.
  path: Assets/Scripts/PlayerMovement.cs
  artifactKey: Guid(56b2cfb9174a093419d0f8db96a60eda) Importer(815301076,1909f56bfc062723c751e8b465ee728b)
Start importing Assets/Scripts/PlayerMovement.cs using Guid(56b2cfb9174a093419d0f8db96a60eda) Importer(815301076,1909f56bfc062723c751e8b465ee728b)  -> (artifact id: 'd5775d220a34d8648b85b761bea11295') in 0.002824 seconds
  Import took 0.006059 seconds .

========================================================================
Received Prepare
Registering precompiled user dll's ...
Registered in 0.003221 seconds.
Begin MonoManager ReloadAssembly
Native extension for WindowsStandalone target not found
Native extension for WebGL target not found
Refreshing native plugins compatible for Editor in 0.89 ms, found 0 plugins.
Preloading 0 native plugins for Editor in 0.00 ms.
Invoked RoslynAnalysisRunner static constructor.
RoslynAnalysisRunner will not be running.
RoslynAnalysisRunner has terminated.
Mono: successfully reloaded assembly
- Completed reload, in  1.650 seconds
Platform modules already initialized, skipping
Refreshing native plugins compatible for Editor in 0.61 ms, found 0 plugins.
Preloading 0 native plugins for Editor in 0.00 ms.
Unloading 1762 Unused Serialized files (Serialized files now loaded: 0)
System memory in use before: 157.8 MB.
System memory in use after: 157.9 MB.

Unloading 29 unused Assets to reduce memory usage. Loaded Objects now: 2248.
Total: 6.597600 ms (FindLiveObjects: 0.285900 ms CreateObjectMapping: 0.112800 ms MarkObjects: 6.164500 ms  DeleteObjects: 0.032600 ms)

========================================================================
Received Import Request.
  Time since last request: 16.095072 seconds.
  path: Assets/Scripts/PlayerMovement.cs
  artifactKey: Guid(56b2cfb9174a093419d0f8db96a60eda) Importer(815301076,1909f56bfc062723c751e8b465ee728b)
Start importing Assets/Scripts/PlayerMovement.cs using Guid(56b2cfb9174a093419d0f8db96a60eda) Importer(815301076,1909f56bfc062723c751e8b465ee728b)  -> (artifact id: '51f66636eb07ef6c17768ffcbc02472e') in 0.031879 seconds
  Import took 0.038786 seconds .

========================================================================
Received Prepare
Registering precompiled user dll's ...
Registered in 0.004653 seconds.
Begin MonoManager ReloadAssembly
Native extension for WindowsStandalone target not found
Native extension for WebGL target not found
Refreshing native plugins compatible for Editor in 0.55 ms, found 0 plugins.
Preloading 0 native plugins for Editor in 0.00 ms.
Invoked RoslynAnalysisRunner static constructor.
RoslynAnalysisRunner will not be running.
RoslynAnalysisRunner has terminated.
Mono: successfully reloaded assembly
- Completed reload, in  0.856 seconds
Platform modules already initialized, skipping
Refreshing native plugins compatible for Editor in 0.52 ms, found 0 plugins.
Preloading 0 native plugins for Editor in 0.00 ms.
Unloading 1762 Unused Serialized files (Serialized files now loaded: 0)
System memory in use before: 158.0 MB.
System memory in use after: 158.2 MB.

Unloading 29 unused Assets to reduce memory usage. Loaded Objects now: 2250.
Total: 3.240400 ms (FindLiveObjects: 0.209800 ms CreateObjectMapping: 0.076100 ms MarkObjects: 2.925700 ms  DeleteObjects: 0.026600 ms)

========================================================================
Received Import Request.
  Time since last request: 48.722580 seconds.
  path: Assets/Scripts/PlayerMovement.cs
  artifactKey: Guid(56b2cfb9174a093419d0f8db96a60eda) Importer(815301076,1909f56bfc062723c751e8b465ee728b)
Start importing Assets/Scripts/PlayerMovement.cs using Guid(56b2cfb9174a093419d0f8db96a60eda) Importer(815301076,1909f56bfc062723c751e8b465ee728b)  -> (artifact id: '448891e5797d8a80b9087a05e6453d90') in 0.005742 seconds
  Import took 0.009274 seconds .

========================================================================
Received Import Request.
  Time since last request: 0.002267 seconds.
  path: Assets/Scripts/PlayerMovement.cs
  artifactKey: Guid(56b2cfb9174a093419d0f8db96a60eda) Importer(815301076,1909f56bfc062723c751e8b465ee728b)
Start importing Assets/Scripts/PlayerMovement.cs using Guid(56b2cfb9174a093419d0f8db96a60eda) Importer(815301076,1909f56bfc062723c751e8b465ee728b)  -> (artifact id: '448891e5797d8a80b9087a05e6453d90') in 0.003220 seconds
  Import took 0.006122 seconds .

========================================================================
Received Prepare
Registering precompiled user dll's ...
Registered in 0.006697 seconds.
Begin MonoManager ReloadAssembly
Native extension for WindowsStandalone target not found
Native extension for WebGL target not found
Refreshing native plugins compatible for Editor in 0.69 ms, found 0 plugins.
Preloading 0 native plugins for Editor in 0.00 ms.
Invoked RoslynAnalysisRunner static constructor.
RoslynAnalysisRunner will not be running.
RoslynAnalysisRunner has terminated.
Mono: successfully reloaded assembly
- Completed reload, in  1.174 seconds
Platform modules already initialized, skipping
Refreshing native plugins compatible for Editor in 0.57 ms, found 0 plugins.
Preloading 0 native plugins for Editor in 0.00 ms.
Unloading 1762 Unused Serialized files (Serialized files now loaded: 0)
System memory in use before: 158.0 MB.
System memory in use after: 158.2 MB.

Unloading 29 unused Assets to reduce memory usage. Loaded Objects now: 2252.
Total: 2.430800 ms (FindLiveObjects: 0.213600 ms CreateObjectMapping: 0.071300 ms MarkObjects: 2.120500 ms  DeleteObjects: 0.023300 ms)

========================================================================
Received Prepare
Registering precompiled user dll's ...
Registered in 0.003367 seconds.
Begin MonoManager ReloadAssembly
Native extension for WindowsStandalone target not found
Native extension for WebGL target not found
Refreshing native plugins compatible for Editor in 0.50 ms, found 0 plugins.
Preloading 0 native plugins for Editor in 0.00 ms.
Invoked RoslynAnalysisRunner static constructor.
RoslynAnalysisRunner will not be running.
RoslynAnalysisRunner has terminated.
Mono: successfully reloaded assembly
- Completed reload, in  0.883 seconds
Platform modules already initialized, skipping
Refreshing native plugins compatible for Editor in 0.50 ms, found 0 plugins.
Preloading 0 native plugins for Editor in 0.00 ms.
Unloading 1762 Unused Serialized files (Serialized files now loaded: 0)
System memory in use before: 158.1 MB.
System memory in use after: 158.2 MB.

Unloading 29 unused Assets to reduce memory usage. Loaded Objects now: 2254.
Total: 2.391600 ms (FindLiveObjects: 0.198800 ms CreateObjectMapping: 0.068900 ms MarkObjects: 2.082400 ms  DeleteObjects: 0.040400 ms)

========================================================================
Received Import Request.
  Time since last request: 70.429282 seconds.
  path: Assets/Scripts/PlayerMovement.cs
  artifactKey: Guid(56b2cfb9174a093419d0f8db96a60eda) Importer(815301076,1909f56bfc062723c751e8b465ee728b)
Start importing Assets/Scripts/PlayerMovement.cs using Guid(56b2cfb9174a093419d0f8db96a60eda) Importer(815301076,1909f56bfc062723c751e8b465ee728b)  -> (artifact id: 'cf6f639a7012c8b2c5278d45923f8e2c') in 0.004965 seconds
  Import took 0.028273 seconds .

========================================================================
Received Prepare
Registering precompiled user dll's ...
Registered in 0.002984 seconds.
Begin MonoManager ReloadAssembly
Native extension for WindowsStandalone target not found
Native extension for WebGL target not found
Refreshing native plugins compatible for Editor in 0.55 ms, found 0 plugins.
Preloading 0 native plugins for Editor in 0.00 ms.
Invoked RoslynAnalysisRunner static constructor.
RoslynAnalysisRunner will not be running.
RoslynAnalysisRunner has terminated.
Mono: successfully reloaded assembly
- Completed reload, in  0.856 seconds
Platform modules already initialized, skipping
Refreshing native plugins compatible for Editor in 0.51 ms, found 0 plugins.
Preloading 0 native plugins for Editor in 0.00 ms.
Unloading 1762 Unused Serialized files (Serialized files now loaded: 0)
System memory in use before: 157.8 MB.
System memory in use after: 158.0 MB.

Unloading 29 unused Assets to reduce memory usage. Loaded Objects now: 2256.
Total: 4.111200 ms (FindLiveObjects: 0.245000 ms CreateObjectMapping: 0.088900 ms MarkObjects: 3.745700 ms  DeleteObjects: 0.029900 ms)

========================================================================
Received Import Request.
  Time since last request: 19.584150 seconds.
  path: Assets/Scripts/PlayerMovement.cs
  artifactKey: Guid(56b2cfb9174a093419d0f8db96a60eda) Importer(815301076,1909f56bfc062723c751e8b465ee728b)
Start importing Assets/Scripts/PlayerMovement.cs using Guid(56b2cfb9174a093419d0f8db96a60eda) Importer(815301076,1909f56bfc062723c751e8b465ee728b)  -> (artifact id: 'cc75c6faac6f3ba0d498523545d4a468') in 0.007125 seconds
  Import took 0.010293 seconds .

========================================================================
Received Import Request.
  Time since last request: 0.000926 seconds.
  path: Assets/Scripts/PlayerMovement.cs
  artifactKey: Guid(56b2cfb9174a093419d0f8db96a60eda) Importer(815301076,1909f56bfc062723c751e8b465ee728b)
Start importing Assets/Scripts/PlayerMovement.cs using Guid(56b2cfb9174a093419d0f8db96a60eda) Importer(815301076,1909f56bfc062723c751e8b465ee728b)  -> (artifact id: 'cc75c6faac6f3ba0d498523545d4a468') in 0.003483 seconds
  Import took 0.006641 seconds .

========================================================================
Received Prepare
Registering precompiled user dll's ...
Registered in 0.002905 seconds.
Begin MonoManager ReloadAssembly
Native extension for WindowsStandalone target not found
Native extension for WebGL target not found
Refreshing native plugins compatible for Editor in 0.63 ms, found 0 plugins.
Preloading 0 native plugins for Editor in 0.00 ms.
Invoked RoslynAnalysisRunner static constructor.
RoslynAnalysisRunner will not be running.
RoslynAnalysisRunner has terminated.
Mono: successfully reloaded assembly
- Completed reload, in  0.873 seconds
Platform modules already initialized, skipping
Refreshing native plugins compatible for Editor in 0.51 ms, found 0 plugins.
Preloading 0 native plugins for Editor in 0.00 ms.
Unloading 1762 Unused Serialized files (Serialized files now loaded: 0)
System memory in use before: 158.1 MB.
System memory in use after: 158.2 MB.

Unloading 29 unused Assets to reduce memory usage. Loaded Objects now: 2258.
Total: 2.035100 ms (FindLiveObjects: 0.214300 ms CreateObjectMapping: 0.076100 ms MarkObjects: 1.711300 ms  DeleteObjects: 0.031700 ms)

========================================================================
Received Import Request.
  Time since last request: 45.825137 seconds.
  path: Assets/Scripts/PlayerMovement.cs
  artifactKey: Guid(56b2cfb9174a093419d0f8db96a60eda) Importer(815301076,1909f56bfc062723c751e8b465ee728b)
Start importing Assets/Scripts/PlayerMovement.cs using Guid(56b2cfb9174a093419d0f8db96a60eda) Importer(815301076,1909f56bfc062723c751e8b465ee728b)  -> (artifact id: '73ab1426519409331607cabfb29bb05e') in 0.004855 seconds
  Import took 0.008259 seconds .

========================================================================
Received Prepare
Registering precompiled user dll's ...
Registered in 0.003218 seconds.
Begin MonoManager ReloadAssembly
Native extension for WindowsStandalone target not found
Native extension for WebGL target not found
Refreshing native plugins compatible for Editor in 0.69 ms, found 0 plugins.
Preloading 0 native plugins for Editor in 0.00 ms.
Invoked RoslynAnalysisRunner static constructor.
RoslynAnalysisRunner will not be running.
RoslynAnalysisRunner has terminated.
Mono: successfully reloaded assembly
- Completed reload, in  0.882 seconds
Platform modules already initialized, skipping
Refreshing native plugins compatible for Editor in 0.56 ms, found 0 plugins.
Preloading 0 native plugins for Editor in 0.00 ms.
Unloading 1762 Unused Serialized files (Serialized files now loaded: 0)
System memory in use before: 158.1 MB.
System memory in use after: 158.2 MB.

Unloading 29 unused Assets to reduce memory usage. Loaded Objects now: 2260.
Total: 2.089700 ms (FindLiveObjects: 0.209000 ms CreateObjectMapping: 0.083900 ms MarkObjects: 1.766900 ms  DeleteObjects: 0.027700 ms)

AssetImportWorkerClient::OnTransportError - code=2 error=End of file
