Using pre-set license
Built from '2020.2/release' branch; Version is '2020.2.1f1 (270dd8c3da1c) revision 2559448'; Using compiler version '192528614'; Build Type 'Release'
OS: 'Windows 10  (10.0.0) 64bit' Language: 'en' Physical Memory: 24539 MB
BatchMode: 1, IsHumanControllingUs: 0, StartBugReporterOnCrash: 0, Is64bit: 1, IsPro: 0

 COMMAND LINE ARGUMENTS:
N:\programms\ForProgramming\2020.1.0f1\2020.2.1f1\Editor\Unity.exe
-adb2
-batchMode
-noUpm
-name
AssetImportWorker0
-projectPath
N:/Eliott_Alderson/study/GeekBrains/Unity/GeekBrain Unity HomeWork #1/HomeWork #1
-logFile
Logs/AssetImportWorker0.log
-srvPort
9125
Successfully changed project path to: N:/Eliott_Alderson/study/GeekBrains/Unity/GeekBrain Unity HomeWork #1/HomeWork #1
N:/Eliott_Alderson/study/GeekBrains/Unity/GeekBrain Unity HomeWork #1/HomeWork #1
Using Asset Import Pipeline V2.
Refreshing native plugins compatible for Editor in 44.93 ms, found 0 plugins.
Preloading 0 native plugins for Editor in 0.00 ms.
Initialize engine version: 2020.2.1f1 (270dd8c3da1c)
[Subsystems] Discovering subsystems at path N:/programms/ForProgramming/2020.1.0f1/2020.2.1f1/Editor/Data/Resources/UnitySubsystems
[Subsystems] Discovering subsystems at path N:/Eliott_Alderson/study/GeekBrains/Unity/GeekBrain Unity HomeWork #1/HomeWork #1/Assets
GfxDevice: creating device client; threaded=0
Direct3D:
    Version:  Direct3D 11.0 [level 11.1]
    Renderer: NVIDIA GeForce GTX 1050 Ti (ID=0x1c82)
    Vendor:   
    VRAM:     4018 MB
    Driver:   23.21.13.9077
Initialize mono
Mono path[0] = 'N:/programms/ForProgramming/2020.1.0f1/2020.2.1f1/Editor/Data/Managed'
Mono path[1] = 'N:/programms/ForProgramming/2020.1.0f1/2020.2.1f1/Editor/Data/MonoBleedingEdge/lib/mono/unityjit'
Mono config path = 'N:/programms/ForProgramming/2020.1.0f1/2020.2.1f1/Editor/Data/MonoBleedingEdge/etc'
Using monoOptions --debugger-agent=transport=dt_socket,embedding=1,server=y,suspend=n,address=127.0.0.1:56000
Begin MonoManager ReloadAssembly
Registering precompiled unity dll's ...
Register platform support module: N:/programms/ForProgramming/2020.1.0f1/2020.2.1f1/Editor/Data/PlaybackEngines/WebGLSupport/UnityEditor.WebGL.Extensions.dll
Register platform support module: N:/programms/ForProgramming/2020.1.0f1/2020.2.1f1/Editor/Data/PlaybackEngines/WindowsStandaloneSupport/UnityEditor.WindowsStandalone.Extensions.dll
Registered in 0.001187 seconds.
Native extension for WindowsStandalone target not found
Native extension for WebGL target not found
Refreshing native plugins compatible for Editor in 44.94 ms, found 0 plugins.
Preloading 0 native plugins for Editor in 0.00 ms.
Invoked RoslynAnalysisRunner static constructor.
RoslynAnalysisRunner will not be running.
RoslynAnalysisRunner has terminated.
Mono: successfully reloaded assembly
- Completed reload, in  1.726 seconds
Platform modules already initialized, skipping
Registering precompiled user dll's ...
Registered in 0.006594 seconds.
Begin MonoManager ReloadAssembly
Native extension for WindowsStandalone target not found
Native extension for WebGL target not found
Refreshing native plugins compatible for Editor in 0.49 ms, found 0 plugins.
Preloading 0 native plugins for Editor in 0.00 ms.
Invoked RoslynAnalysisRunner static constructor.
RoslynAnalysisRunner will not be running.
RoslynAnalysisRunner has terminated.
Mono: successfully reloaded assembly
- Completed reload, in  0.936 seconds
Platform modules already initialized, skipping
========================================================================
Worker process is ready to serve import requests
Launched and connected shader compiler UnityShaderCompiler.exe after 0.03 seconds
Refreshing native plugins compatible for Editor in 0.49 ms, found 0 plugins.
Preloading 0 native plugins for Editor in 0.00 ms.
Unloading 1799 Unused Serialized files (Serialized files now loaded: 0)
System memory in use before: 154.7 MB.
System memory in use after: 154.7 MB.

Unloading 39 unused Assets to reduce memory usage. Loaded Objects now: 2228.
Total: 2.181100 ms (FindLiveObjects: 0.254300 ms CreateObjectMapping: 0.114400 ms MarkObjects: 1.736900 ms  DeleteObjects: 0.073700 ms)

========================================================================
Received Import Request.
  path: Assets/Readme.asset
  artifactKey: Guid(80262e33223625b4ba81f6fb236edd0a) Importer(815301076,1909f56bfc062723c751e8b465ee728b)
Start importing Assets/Readme.asset using Guid(80262e33223625b4ba81f6fb236edd0a) Importer(815301076,1909f56bfc062723c751e8b465ee728b)  -> (artifact id: '1b111ada0bd9a5c8f51055c56c80667d') in 0.048108 seconds
  Import took 0.051064 seconds .

========================================================================
Received Import Request.
  Time since last request: 14.635110 seconds.
  path: Assets/Scenes/SampleScene.unity
  artifactKey: Guid(9fc0d4010bbf28b4594072e72b8655ab) Importer(815301076,1909f56bfc062723c751e8b465ee728b)
Start importing Assets/Scenes/SampleScene.unity using Guid(9fc0d4010bbf28b4594072e72b8655ab) Importer(815301076,1909f56bfc062723c751e8b465ee728b)  -> (artifact id: '016640421bf54ce873cbc7b610fdb87c') in 0.011395 seconds
  Import took 0.015767 seconds .

========================================================================
Received Import Request.
  Time since last request: 0.869565 seconds.
  path: Assets/Scenes/MainScene.unity
  artifactKey: Guid(139fe7247bf905647981ad2d31d0f39e) Importer(815301076,1909f56bfc062723c751e8b465ee728b)
Start importing Assets/Scenes/MainScene.unity using Guid(139fe7247bf905647981ad2d31d0f39e) Importer(815301076,1909f56bfc062723c751e8b465ee728b)  -> (artifact id: '882f649fbcb4abc1423163df7907020c') in 0.010508 seconds
  Import took 0.014868 seconds .

========================================================================
Received Prepare
Registering precompiled user dll's ...
Registered in 0.003279 seconds.
Begin MonoManager ReloadAssembly
Native extension for WindowsStandalone target not found
Native extension for WebGL target not found
Refreshing native plugins compatible for Editor in 0.54 ms, found 0 plugins.
Preloading 0 native plugins for Editor in 0.00 ms.
Invoked RoslynAnalysisRunner static constructor.
RoslynAnalysisRunner will not be running.
RoslynAnalysisRunner has terminated.
Mono: successfully reloaded assembly
- Completed reload, in  0.880 seconds
Platform modules already initialized, skipping
Refreshing native plugins compatible for Editor in 0.50 ms, found 0 plugins.
Preloading 0 native plugins for Editor in 0.00 ms.
Unloading 1764 Unused Serialized files (Serialized files now loaded: 0)
System memory in use before: 152.7 MB.
System memory in use after: 152.8 MB.

Unloading 30 unused Assets to reduce memory usage. Loaded Objects now: 2231.
Total: 1.891200 ms (FindLiveObjects: 0.172100 ms CreateObjectMapping: 0.065900 ms MarkObjects: 1.526600 ms  DeleteObjects: 0.125600 ms)

